  main.cpp
C:\Users\stepa\Documents\CppProjects\Pong\VStudio\PongSFML\main.cpp(91,55): warning C4244: аргумент: преобразование "int" в "float", возможна потеря данных
C:\Users\stepa\Documents\CppProjects\Pong\VStudio\PongSFML\main.cpp(97,48): warning C4244: аргумент: преобразование "int" в "float", возможна потеря данных
C:\Users\stepa\Documents\CppProjects\Pong\VStudio\PongSFML\main.cpp(105,63): warning C4244: =: преобразование "float" в "int", возможна потеря данных
C:\Users\stepa\Documents\CppProjects\Pong\VStudio\PongSFML\main.cpp(116,63): warning C4244: =: преобразование "float" в "int", возможна потеря данных
C:\Users\stepa\Documents\CppProjects\Pong\VStudio\PongSFML\main.cpp(219,34): warning C4244: аргумент: преобразование "int" в "float", возможна потеря данных
C:\Users\stepa\Documents\CppProjects\Pong\VStudio\PongSFML\main.cpp(259,43): warning C4244: аргумент: преобразование "float" в "sf::Uint8", возможна потеря данных
C:\Users\stepa\Documents\CppProjects\Pong\VStudio\PongSFML\main.cpp(337,68): warning C4244: =: преобразование "sf::Int32" в "float", возможна потеря данных
C:\Users\stepa\Documents\CppProjects\Pong\VStudio\PongSFML\main.cpp(345,68): warning C4244: =: преобразование "sf::Int32" в "float", возможна потеря данных
C:\Users\stepa\Documents\CppProjects\Pong\VStudio\PongSFML\main.cpp(385,55): warning C4244: аргумент: преобразование "int" в "float", возможна потеря данных
C:\Users\stepa\Documents\CppProjects\Pong\VStudio\PongSFML\main.cpp(391,48): warning C4244: аргумент: преобразование "int" в "float", возможна потеря данных
C:\Users\stepa\Documents\CppProjects\Pong\VStudio\PongSFML\main.cpp(399,63): warning C4244: =: преобразование "float" в "int", возможна потеря данных
C:\Users\stepa\Documents\CppProjects\Pong\VStudio\PongSFML\main.cpp(410,63): warning C4244: =: преобразование "float" в "int", возможна потеря данных
C:\Users\stepa\Documents\CppProjects\Pong\VStudio\PongSFML\main.cpp(513,34): warning C4244: аргумент: преобразование "int" в "float", возможна потеря данных
C:\Users\stepa\Documents\CppProjects\Pong\VStudio\PongSFML\main.cpp(553,43): warning C4244: аргумент: преобразование "float" в "sf::Uint8", возможна потеря данных
C:\Users\stepa\Documents\CppProjects\Pong\VStudio\PongSFML\main.cpp(569,12): warning C4244: аргумент: преобразование "time_t" в "unsigned int", возможна потеря данных
C:\Users\stepa\Documents\CppProjects\Pong\VStudio\PongSFML\main.cpp(620,28): warning C4244: аргумент: преобразование "int" в "float", возможна потеря данных
C:\Users\stepa\Documents\CppProjects\Pong\VStudio\PongSFML\main.cpp(624,44): warning C4244: аргумент: преобразование "int" в "float", возможна потеря данных
C:\Users\stepa\Documents\CppProjects\Pong\VStudio\PongSFML\main.cpp(624,28): warning C4244: аргумент: преобразование "int" в "float", возможна потеря данных
C:\Users\stepa\Documents\CppProjects\Pong\VStudio\PongSFML\main.cpp(625,29): warning C4244: аргумент: преобразование "int" в "float", возможна потеря данных
C:\Users\stepa\Documents\CppProjects\Pong\VStudio\PongSFML\main.cpp(625,19): warning C4244: аргумент: преобразование "int" в "float", возможна потеря данных
C:\Users\stepa\Documents\CppProjects\Pong\VStudio\PongSFML\main.cpp(888,39): warning C4244: аргумент: преобразование "int" в "float", возможна потеря данных
C:\Users\stepa\Documents\CppProjects\Pong\VStudio\PongSFML\main.cpp(887,58): warning C4244: аргумент: преобразование "float" в "int", возможна потеря данных
C:\Users\stepa\Documents\CppProjects\Pong\VStudio\PongSFML\main.cpp(898,39): warning C4244: аргумент: преобразование "int" в "float", возможна потеря данных
C:\Users\stepa\Documents\CppProjects\Pong\VStudio\PongSFML\main.cpp(897,58): warning C4244: аргумент: преобразование "float" в "int", возможна потеря данных
C:\Users\stepa\Documents\CppProjects\Pong\VStudio\PongSFML\main.cpp(739,6): warning C4101: animationNow: неиспользованная локальная переменная
  Создание кода
  Previous IPDB not found, fall back to full compilation.
C:\Users\stepa\Documents\CppProjects\Pong\VStudio\PongSFML\main.cpp(270): warning C4715: PlayerVsPlayer: значение возвращается не при всех путях выполнения
C:\Users\stepa\Documents\CppProjects\Pong\VStudio\PongSFML\main.cpp(563): warning C4715: PlayerVsComputer: значение возвращается не при всех путях выполнения
  All 86 functions were compiled because no usable IPDB/IOBJ from previous compilation was found.
  Создание кода завершено
  PongSFML.vcxproj -> C:\Users\stepa\Documents\CppProjects\Pong\VStudio\PongSFML\x64\Release\PongSFML.exe
